123 - Winsize
334 - 0
337 - 0
339 - 0
341 - 0
343 - 0
345 - 0
347 - 0
349 - 0
351 - 0
353 - 0
356 - 0
358 - 0
360 - 0
363 - 0
365 - 0
367 - 0
369 - 0
371 - 0
373 - 0
375 - 0
377 - 0
379 - 0
382 - 0
384 - 0
385 - 0
387 - 0
388 - 0
390 - 0
391 - 0
392 - 0
394 - 0
395 - 0
396 - 0
398 - 0
400 - 0
401 - 0
403 - 0
404 - 0
406 - 0
407 - 0
409 - 0
411 - 0
412 - 0
414 - 0
416 - 0
418 - 0
419 - 0
421 - 0
423 - 0
424 - 0
426 - 0
428 - 0
429 - 0
431 - 0
433 - 0
435 - 0
437 - 0
438 - 0
440 - 0
442 - 0
444 - 0
445 - 0
447 - 0
448 - 0
450 - 0
451 - 0
453 - 0
455 - 0
456 - 0
458 - 0
459 - 0
460 - 0
462 - 0
463 - 0
464 - 0
466 - 0
467 - 0
469 - 0
470 - 0
471 - 0
473 - 0
474 - 0
476 - 0
477 - 0
479 - 0
480 - 0
482 - 0
484 - 0
485 - 0
486 - 0
488 - 0
490 - 0
491 - 0
493 - 0
494 - 0
495 - 0
497 - 0
498 - 0
500 - 0
501 - 0
503 - 0
504 - 0
506 - 0
507 - 0
509 - 0
510 - 0
512 - 0
514 - 0
515 - 0
517 - 0
518 - 0
519 - 0
521 - 0
522 - 0
524 - 0
525 - 0
527 - 0
528 - 0
530 - 0
532 - 0
533 - 0
535 - 0
536 - 0
538 - 0
540 - 0
541 - 0
543 - 0
545 - 0
546 - 0
548 - 0
549 - 0
551 - 0
553 - 0
554 - 0
556 - 0
558 - 0
559 - 0
561 - 0
562 - 0
564 - 0
566 - 0
567 - 0
569 - 0
571 - 0
572 - 0
574 - 0
576 - 0
577 - 0
579 - 0
580 - Packet Dropped!
